<?xml version="1.0" encoding="UTF-8"?>
<!-- Generated by org.testng.reporters.JUnitXMLReporter -->
<testsuite ignored="0" hostname="DESKTOP-8R51UBR" failures="1" tests="7" name="chrome_Test" time="65.088" errors="0" timestamp="2025-03-09T01:26:53 IST">
  <testcase classname="com.vish.testCases.TC001_AccountRegistrationTest" name="verify_acccount_registration" time="2.378"/>
  <testcase classname="com.vish.testCases.TC002_LoginTest" name="verifyLogin" time="2.011"/>
  <testcase classname="com.vish.testCases.TC003_InvalidLoginTest" name="invalidLogin" time="1.6"/>
  <testcase classname="com.vish.testCases.TC004_BlankLoginTest" name="blankLogin" time="1.384"/>
  <testcase classname="com.vish.testCases.TC005_AddBooksToCart" name="addBooksToCart" time="3.039">
    <failure type="junit.framework.AssertionFailedError" message="The cart count did not update correctly after adding a product. Expected: 11but got10">
      <![CDATA[junit.framework.AssertionFailedError: The cart count did not update correctly after adding a product. Expected: 11but got10
at junit.framework.Assert.fail(Assert.java:47)
at com.vish.testCases.TC005_AddBooksToCart.addBooksToCart(TC005_AddBooksToCart.java:38)
at java.base/java.util.ArrayList.forEach(ArrayList.java:1596)
... Removed 25 stack frames]]>
    </failure>
  </testcase> <!-- addBooksToCart -->
  <testcase classname="com.vish.testCases.TC006_SearchFunctionality" name="searchItem" time="2.989"/>
  <testcase classname="com.vish.testCases.TC006_SearchFunctionality" name="invalidSearchItem" time="1.081"/>
</testsuite> <!-- chrome_Test -->
