<?xml version="1.0" encoding="UTF-8"?>
<!-- Generated by org.testng.reporters.JUnitXMLReporter -->
<testsuite ignored="0" hostname="DESKTOP-8R51UBR" failures="0" tests="3" name="chrome_Test" time="25.866" errors="0" timestamp="2025-01-17T09:17:37 IST">
  <testcase classname="testCases.TC002_LoginTest" name="blankLogin" time="2.356"/>
  <testcase classname="testCases.TC002_LoginTest" name="invalidLogin" time="1.671"/>
  <testcase classname="testCases.TC002_LoginTest" name="verifyLogin" time="1.833"/>
</testsuite> <!-- chrome_Test -->
