<?xml version="1.0" encoding="UTF-8"?>
<!-- Generated by org.testng.reporters.JUnitXMLReporter -->
<testsuite ignored="0" hostname="DESKTOP-8R51UBR" failures="1" tests="1" name="Test" time="15.411" errors="0" timestamp="2024-12-28T04:25:19 IST">
  <testcase classname="testCases.TC001_AccountRegistrationTest" name="verify_acccount_registration" time="3.063">
    <failure type="junit.framework.AssertionFailedError">
      <![CDATA[junit.framework.AssertionFailedError
at junit.framework.Assert.fail(Assert.java:47)
at junit.framework.Assert.assertTrue(Assert.java:20)
at junit.framework.Assert.assertTrue(Assert.java:27)
at testCases.TC001_AccountRegistrationTest.verify_acccount_registration(TC001_AccountRegistrationTest.java:38)
at java.base/java.util.ArrayList.forEach(ArrayList.java:1596)
... Removed 25 stack frames]]>
    </failure>
  </testcase> <!-- verify_acccount_registration -->
</testsuite> <!-- Test -->
