<?xml version="1.0" encoding="UTF-8"?>
<!-- Generated by org.testng.reporters.JUnitXMLReporter -->
<testsuite ignored="0" hostname="DESKTOP-8R51UBR" failures="1" tests="2" name="edge_Test" time="50.913" errors="0" timestamp="2025-01-05T00:03:28 IST">
  <testcase classname="testCases.TC001_AccountRegistrationTest" name="verify_acccount_registration" time="1.85">
    <failure type="junit.framework.AssertionFailedError">
      <![CDATA[junit.framework.AssertionFailedError
at junit.framework.Assert.fail(Assert.java:47)
at junit.framework.Assert.fail(Assert.java:53)
at testCases.TC001_AccountRegistrationTest.verify_acccount_registration(TC001_AccountRegistrationTest.java:49)
at java.base/java.util.ArrayList.forEach(ArrayList.java:1596)
at java.base/java.util.concurrent.FutureTask.run(FutureTask.java:317)
at java.base/java.util.concurrent.ThreadPoolExecutor.runWorker(ThreadPoolExecutor.java:1144)
at java.base/java.util.concurrent.ThreadPoolExecutor$Worker.run(ThreadPoolExecutor.java:642)
at java.base/java.lang.Thread.run(Thread.java:1583)
... Removed 15 stack frames]]>
    </failure>
  </testcase> <!-- verify_acccount_registration -->
  <testcase classname="testCases.TC002_LoginTest" name="verifyLogin" time="2.597"/>
</testsuite> <!-- edge_Test -->
