<?xml version="1.0" encoding="UTF-8"?>
<testng-results ignored="0" total="2" passed="2" failed="0" skipped="0">
  <reporter-output>
  </reporter-output>
  <suite started-at="2025-01-05T00:04:51 IST" name="Suite" finished-at="2025-01-05T00:05:12 IST" duration-ms="20530">
    <groups>
      <group name="Master">
        <method signature="TC001_AccountRegistrationTest.verify_acccount_registration()[pri:0, instance:testCases.TC001_AccountRegistrationTest@5c2375a9]" name="verify_acccount_registration" class="testCases.TC001_AccountRegistrationTest"/>
        <method signature="TC002_LoginTest.verifyLogin()[pri:0, instance:testCases.TC002_LoginTest@27216cd]" name="verifyLogin" class="testCases.TC002_LoginTest"/>
      </group> <!-- Master -->
      <group name="Sanity">
        <method signature="TC002_LoginTest.verifyLogin()[pri:0, instance:testCases.TC002_LoginTest@27216cd]" name="verifyLogin" class="testCases.TC002_LoginTest"/>
      </group> <!-- Sanity -->
      <group name="Regression">
        <method signature="TC001_AccountRegistrationTest.verify_acccount_registration()[pri:0, instance:testCases.TC001_AccountRegistrationTest@5c2375a9]" name="verify_acccount_registration" class="testCases.TC001_AccountRegistrationTest"/>
      </group> <!-- Regression -->
    </groups>
    <test started-at="2025-01-05T00:04:51 IST" name="chrome_Test" finished-at="2025-01-05T00:05:12 IST" duration-ms="20530">
      <class name="testCases.TC002_LoginTest">
        <test-method is-config="true" signature="setup(java.lang.String,java.lang.String)[pri:0, instance:testCases.TC002_LoginTest@27216cd]" started-at="2025-01-05T00:05:03 IST" name="setup" finished-at="2025-01-05T00:05:09 IST" duration-ms="6203" status="PASS">
          <params>
            <param index="0">
              <value>
                <![CDATA[Windows]]>
              </value>
            </param>
            <param index="1">
              <value>
                <![CDATA[chrome]]>
              </value>
            </param>
          </params>
          <reporter-output>
          </reporter-output>
        </test-method> <!-- setup -->
        <test-method signature="verifyLogin()[pri:0, instance:testCases.TC002_LoginTest@27216cd]" started-at="2025-01-05T00:05:09 IST" name="verifyLogin" finished-at="2025-01-05T00:05:12 IST" duration-ms="2029" status="PASS">
          <reporter-output>
          </reporter-output>
        </test-method> <!-- verifyLogin -->
        <test-method is-config="true" signature="tearDown()[pri:0, instance:testCases.TC002_LoginTest@27216cd]" started-at="2025-01-05T00:05:12 IST" name="tearDown" finished-at="2025-01-05T00:05:12 IST" duration-ms="252" status="PASS">
          <reporter-output>
          </reporter-output>
        </test-method> <!-- tearDown -->
      </class> <!-- testCases.TC002_LoginTest -->
      <class name="testCases.TC001_AccountRegistrationTest">
        <test-method is-config="true" signature="setup(java.lang.String,java.lang.String)[pri:0, instance:testCases.TC001_AccountRegistrationTest@5c2375a9]" started-at="2025-01-05T00:04:51 IST" name="setup" finished-at="2025-01-05T00:05:00 IST" duration-ms="8530" status="PASS">
          <params>
            <param index="0">
              <value>
                <![CDATA[Windows]]>
              </value>
            </param>
            <param index="1">
              <value>
                <![CDATA[chrome]]>
              </value>
            </param>
          </params>
          <reporter-output>
          </reporter-output>
        </test-method> <!-- setup -->
        <test-method signature="verify_acccount_registration()[pri:0, instance:testCases.TC001_AccountRegistrationTest@5c2375a9]" started-at="2025-01-05T00:05:00 IST" name="verify_acccount_registration" finished-at="2025-01-05T00:05:03 IST" duration-ms="2856" status="PASS">
          <reporter-output>
          </reporter-output>
        </test-method> <!-- verify_acccount_registration -->
        <test-method is-config="true" signature="tearDown()[pri:0, instance:testCases.TC001_AccountRegistrationTest@5c2375a9]" started-at="2025-01-05T00:05:03 IST" name="tearDown" finished-at="2025-01-05T00:05:03 IST" duration-ms="322" status="PASS">
          <reporter-output>
          </reporter-output>
        </test-method> <!-- tearDown -->
      </class> <!-- testCases.TC001_AccountRegistrationTest -->
    </test> <!-- chrome_Test -->
  </suite> <!-- Suite -->
</testng-results>
