<?xml version="1.0" encoding="UTF-8"?>
<testsuite xmlns:xsi="http://www.w3.org/2001/XMLSchema-instance" xsi:noNamespaceSchemaLocation="https://maven.apache.org/surefire/maven-surefire-plugin/xsd/surefire-test-report.xsd" version="3.0.2" name="TestSuite" time="22.485" tests="2" errors="0" skipped="0" failures="0">
  <properties>
[...]
</properties>
  <testcase name="verify_acccount_registration" classname="testCases.TC001_AccountRegistrationTest" time="2.881">
    <system-out><![CDATA[2025-01-04T18:34:51.160328100Z main INFO Starting configuration XmlConfiguration[location=C:\eclipse\selenium_workspace\opencart\target\test-classes\log4j2.xml, lastModified=2024-12-27T21:10:24.712Z]...
2025-01-04T18:34:51.162955Z main INFO Start watching for changes to C:\eclipse\selenium_workspace\opencart\target\test-classes\log4j2.xml every 0 seconds
2025-01-04T18:34:51.162955Z main INFO Configuration XmlConfiguration[location=C:\eclipse\selenium_workspace\opencart\target\test-classes\log4j2.xml, lastModified=2024-12-27T21:10:24.712Z] started.
2025-01-04T18:34:51.166590600Z main INFO Stopping configuration org.apache.logging.log4j.core.config.DefaultConfiguration@cd3fee8...
2025-01-04T18:34:51.167591600Z main INFO Configuration org.apache.logging.log4j.core.config.DefaultConfiguration@cd3fee8 stopped.
]]></system-out>
  </testcase>
  <testcase name="verifyLogin" classname="testCases.TC002_LoginTest" time="2.019"/>
</testsuite>