<?xml version="1.0" encoding="UTF-8"?>
<testng-results ignored="0" total="3" passed="3" failed="0" skipped="0">
  <reporter-output>
  </reporter-output>
  <suite started-at="2025-01-17T09:17:11 IST" name="Suite" finished-at="2025-01-17T09:17:36 IST" duration-ms="25866">
    <groups>
      <group name="Master">
        <method signature="TC002_LoginTest.blankLogin()[pri:0, instance:testCases.TC002_LoginTest@16ce702d]" name="blankLogin" class="testCases.TC002_LoginTest"/>
        <method signature="TC002_LoginTest.invalidLogin()[pri:0, instance:testCases.TC002_LoginTest@16ce702d]" name="invalidLogin" class="testCases.TC002_LoginTest"/>
        <method signature="TC002_LoginTest.verifyLogin()[pri:0, instance:testCases.TC002_LoginTest@16ce702d]" name="verifyLogin" class="testCases.TC002_LoginTest"/>
      </group> <!-- Master -->
      <group name="Sanity">
        <method signature="TC002_LoginTest.blankLogin()[pri:0, instance:testCases.TC002_LoginTest@16ce702d]" name="blankLogin" class="testCases.TC002_LoginTest"/>
        <method signature="TC002_LoginTest.invalidLogin()[pri:0, instance:testCases.TC002_LoginTest@16ce702d]" name="invalidLogin" class="testCases.TC002_LoginTest"/>
        <method signature="TC002_LoginTest.verifyLogin()[pri:0, instance:testCases.TC002_LoginTest@16ce702d]" name="verifyLogin" class="testCases.TC002_LoginTest"/>
      </group> <!-- Sanity -->
    </groups>
    <test started-at="2025-01-17T09:17:11 IST" name="chrome_Test" finished-at="2025-01-17T09:17:36 IST" duration-ms="25866">
      <class name="testCases.TC002_LoginTest">
        <test-method is-config="true" signature="setup(java.lang.String,java.lang.String)[pri:0, instance:testCases.TC002_LoginTest@16ce702d]" started-at="2025-01-17T09:17:11 IST" name="setup" finished-at="2025-01-17T09:17:30 IST" duration-ms="18550" status="PASS">
          <params>
            <param index="0">
              <value>
                <![CDATA[Windows]]>
              </value>
            </param>
            <param index="1">
              <value>
                <![CDATA[chrome]]>
              </value>
            </param>
          </params>
          <reporter-output>
          </reporter-output>
        </test-method> <!-- setup -->
        <test-method signature="blankLogin()[pri:0, instance:testCases.TC002_LoginTest@16ce702d]" started-at="2025-01-17T09:17:30 IST" name="blankLogin" finished-at="2025-01-17T09:17:32 IST" duration-ms="2356" status="PASS">
          <reporter-output>
          </reporter-output>
        </test-method> <!-- blankLogin -->
        <test-method signature="invalidLogin()[pri:0, instance:testCases.TC002_LoginTest@16ce702d]" started-at="2025-01-17T09:17:32 IST" name="invalidLogin" finished-at="2025-01-17T09:17:34 IST" duration-ms="1671" status="PASS">
          <reporter-output>
          </reporter-output>
        </test-method> <!-- invalidLogin -->
        <test-method signature="verifyLogin()[pri:0, instance:testCases.TC002_LoginTest@16ce702d]" started-at="2025-01-17T09:17:34 IST" name="verifyLogin" finished-at="2025-01-17T09:17:36 IST" duration-ms="1833" status="PASS">
          <reporter-output>
          </reporter-output>
        </test-method> <!-- verifyLogin -->
        <test-method is-config="true" signature="tearDown()[pri:0, instance:testCases.TC002_LoginTest@16ce702d]" started-at="2025-01-17T09:17:36 IST" name="tearDown" finished-at="2025-01-17T09:17:36 IST" duration-ms="526" status="PASS">
          <reporter-output>
          </reporter-output>
        </test-method> <!-- tearDown -->
      </class> <!-- testCases.TC002_LoginTest -->
    </test> <!-- chrome_Test -->
  </suite> <!-- Suite -->
</testng-results>
