<?xml version="1.0" encoding="UTF-8"?>
<testng-results ignored="0" total="7" passed="6" failed="1" skipped="0">
  <reporter-output>
  </reporter-output>
  <suite started-at="2025-03-09T01:25:48 IST" name="Suite" finished-at="2025-03-09T01:26:53 IST" duration-ms="65088">
    <groups>
      <group name="Master">
        <method signature="TC001_AccountRegistrationTest.verify_acccount_registration()[pri:0, instance:com.vish.testCases.TC001_AccountRegistrationTest@4ce1d6d0]" name="verify_acccount_registration" class="com.vish.testCases.TC001_AccountRegistrationTest"/>
        <method signature="TC002_LoginTest.verifyLogin()[pri:0, instance:com.vish.testCases.TC002_LoginTest@16ce702d]" name="verifyLogin" class="com.vish.testCases.TC002_LoginTest"/>
        <method signature="TC003_InvalidLoginTest.invalidLogin()[pri:0, instance:com.vish.testCases.TC003_InvalidLoginTest@7b94089b]" name="invalidLogin" class="com.vish.testCases.TC003_InvalidLoginTest"/>
        <method signature="TC004_BlankLoginTest.blankLogin()[pri:0, instance:com.vish.testCases.TC004_BlankLoginTest@7ca20101]" name="blankLogin" class="com.vish.testCases.TC004_BlankLoginTest"/>
      </group> <!-- Master -->
      <group name="Sanity">
        <method signature="TC002_LoginTest.verifyLogin()[pri:0, instance:com.vish.testCases.TC002_LoginTest@16ce702d]" name="verifyLogin" class="com.vish.testCases.TC002_LoginTest"/>
        <method signature="TC003_InvalidLoginTest.invalidLogin()[pri:0, instance:com.vish.testCases.TC003_InvalidLoginTest@7b94089b]" name="invalidLogin" class="com.vish.testCases.TC003_InvalidLoginTest"/>
        <method signature="TC004_BlankLoginTest.blankLogin()[pri:0, instance:com.vish.testCases.TC004_BlankLoginTest@7ca20101]" name="blankLogin" class="com.vish.testCases.TC004_BlankLoginTest"/>
      </group> <!-- Sanity -->
      <group name="Regression">
        <method signature="TC001_AccountRegistrationTest.verify_acccount_registration()[pri:0, instance:com.vish.testCases.TC001_AccountRegistrationTest@4ce1d6d0]" name="verify_acccount_registration" class="com.vish.testCases.TC001_AccountRegistrationTest"/>
      </group> <!-- Regression -->
    </groups>
    <test started-at="2025-03-09T01:25:48 IST" name="chrome_Test" finished-at="2025-03-09T01:26:53 IST" duration-ms="65088">
      <class name="com.vish.testCases.TC004_BlankLoginTest">
        <test-method is-config="true" signature="setUp(java.lang.String,java.lang.String)[pri:0, instance:com.vish.testCases.TC004_BlankLoginTest@7ca20101]" started-at="2025-03-09T01:26:21 IST" name="setUp" finished-at="2025-03-09T01:26:28 IST" duration-ms="7220" status="PASS">
          <params>
            <param index="0">
              <value>
                <![CDATA[Windows]]>
              </value>
            </param>
            <param index="1">
              <value>
                <![CDATA[chrome]]>
              </value>
            </param>
          </params>
          <reporter-output>
          </reporter-output>
        </test-method> <!-- setUp -->
        <test-method signature="blankLogin()[pri:0, instance:com.vish.testCases.TC004_BlankLoginTest@7ca20101]" started-at="2025-03-09T01:26:28 IST" name="blankLogin" finished-at="2025-03-09T01:26:30 IST" duration-ms="1384" status="PASS">
          <reporter-output>
          </reporter-output>
        </test-method> <!-- blankLogin -->
        <test-method is-config="true" signature="tearDown()[pri:0, instance:com.vish.testCases.TC004_BlankLoginTest@7ca20101]" started-at="2025-03-09T01:26:30 IST" name="tearDown" finished-at="2025-03-09T01:26:30 IST" duration-ms="291" status="PASS">
          <reporter-output>
          </reporter-output>
        </test-method> <!-- tearDown -->
      </class> <!-- com.vish.testCases.TC004_BlankLoginTest -->
      <class name="com.vish.testCases.TC003_InvalidLoginTest">
        <test-method is-config="true" signature="setUp(java.lang.String,java.lang.String)[pri:0, instance:com.vish.testCases.TC003_InvalidLoginTest@7b94089b]" started-at="2025-03-09T01:26:12 IST" name="setUp" finished-at="2025-03-09T01:26:19 IST" duration-ms="7699" status="PASS">
          <params>
            <param index="0">
              <value>
                <![CDATA[Windows]]>
              </value>
            </param>
            <param index="1">
              <value>
                <![CDATA[chrome]]>
              </value>
            </param>
          </params>
          <reporter-output>
          </reporter-output>
        </test-method> <!-- setUp -->
        <test-method signature="invalidLogin()[pri:0, instance:com.vish.testCases.TC003_InvalidLoginTest@7b94089b]" started-at="2025-03-09T01:26:19 IST" name="invalidLogin" finished-at="2025-03-09T01:26:21 IST" duration-ms="1600" status="PASS">
          <reporter-output>
          </reporter-output>
        </test-method> <!-- invalidLogin -->
        <test-method is-config="true" signature="tearDown()[pri:0, instance:com.vish.testCases.TC003_InvalidLoginTest@7b94089b]" started-at="2025-03-09T01:26:21 IST" name="tearDown" finished-at="2025-03-09T01:26:21 IST" duration-ms="195" status="PASS">
          <reporter-output>
          </reporter-output>
        </test-method> <!-- tearDown -->
      </class> <!-- com.vish.testCases.TC003_InvalidLoginTest -->
      <class name="com.vish.testCases.TC005_AddBooksToCart">
        <test-method is-config="true" signature="setUp(java.lang.String,java.lang.String)[pri:0, instance:com.vish.testCases.TC005_AddBooksToCart@47f9738]" started-at="2025-03-09T01:26:30 IST" name="setUp" finished-at="2025-03-09T01:26:38 IST" duration-ms="7689" status="PASS">
          <params>
            <param index="0">
              <value>
                <![CDATA[Windows]]>
              </value>
            </param>
            <param index="1">
              <value>
                <![CDATA[chrome]]>
              </value>
            </param>
          </params>
          <reporter-output>
          </reporter-output>
        </test-method> <!-- setUp -->
        <test-method signature="addBooksToCart()[pri:0, instance:com.vish.testCases.TC005_AddBooksToCart@47f9738]" started-at="2025-03-09T01:26:38 IST" name="addBooksToCart" finished-at="2025-03-09T01:26:41 IST" duration-ms="3039" status="FAIL">
          <exception class="junit.framework.AssertionFailedError">
            <message>
              <![CDATA[The cart count did not update correctly after adding a product. Expected: 11but got10]]>
            </message>
            <full-stacktrace>
              <![CDATA[junit.framework.AssertionFailedError: The cart count did not update correctly after adding a product. Expected: 11but got10
at junit.framework.Assert.fail(Assert.java:47)
at com.vish.testCases.TC005_AddBooksToCart.addBooksToCart(TC005_AddBooksToCart.java:38)
at java.base/jdk.internal.reflect.DirectMethodHandleAccessor.invoke(DirectMethodHandleAccessor.java:103)
at java.base/java.lang.reflect.Method.invoke(Method.java:580)
at org.testng.internal.invokers.MethodInvocationHelper.invokeMethod(MethodInvocationHelper.java:141)
at org.testng.internal.invokers.TestInvoker.invokeMethod(TestInvoker.java:686)
at org.testng.internal.invokers.TestInvoker.invokeTestMethod(TestInvoker.java:230)
at org.testng.internal.invokers.MethodRunner.runInSequence(MethodRunner.java:63)
at org.testng.internal.invokers.TestInvoker$MethodInvocationAgent.invoke(TestInvoker.java:992)
at org.testng.internal.invokers.TestInvoker.invokeTestMethods(TestInvoker.java:203)
at org.testng.internal.invokers.TestMethodWorker.invokeTestMethods(TestMethodWorker.java:154)
at org.testng.internal.invokers.TestMethodWorker.run(TestMethodWorker.java:134)
at java.base/java.util.ArrayList.forEach(ArrayList.java:1596)
at org.testng.TestRunner.privateRun(TestRunner.java:739)
at org.testng.TestRunner.run(TestRunner.java:614)
at org.testng.SuiteRunner.runTest(SuiteRunner.java:421)
at org.testng.SuiteRunner.runSequentially(SuiteRunner.java:413)
at org.testng.SuiteRunner.privateRun(SuiteRunner.java:373)
at org.testng.SuiteRunner.run(SuiteRunner.java:312)
at org.testng.SuiteRunnerWorker.runSuite(SuiteRunnerWorker.java:52)
at org.testng.SuiteRunnerWorker.run(SuiteRunnerWorker.java:95)
at org.testng.TestNG.runSuitesSequentially(TestNG.java:1274)
at org.testng.TestNG.runSuitesLocally(TestNG.java:1208)
at org.testng.TestNG.runSuites(TestNG.java:1112)
at org.testng.TestNG.run(TestNG.java:1079)
at org.testng.remote.AbstractRemoteTestNG.run(AbstractRemoteTestNG.java:115)
at org.testng.remote.RemoteTestNG.initAndRun(RemoteTestNG.java:293)
at org.testng.remote.RemoteTestNG.main(RemoteTestNG.java:91)
]]>
            </full-stacktrace>
          </exception> <!-- junit.framework.AssertionFailedError -->
          <reporter-output>
          </reporter-output>
        </test-method> <!-- addBooksToCart -->
        <test-method is-config="true" signature="tearDown()[pri:0, instance:com.vish.testCases.TC005_AddBooksToCart@47f9738]" started-at="2025-03-09T01:26:41 IST" name="tearDown" finished-at="2025-03-09T01:26:41 IST" duration-ms="227" status="PASS">
          <reporter-output>
          </reporter-output>
        </test-method> <!-- tearDown -->
      </class> <!-- com.vish.testCases.TC005_AddBooksToCart -->
      <class name="com.vish.testCases.TC006_SearchFunctionality">
        <test-method is-config="true" signature="setUp(java.lang.String,java.lang.String)[pri:0, instance:com.vish.testCases.TC006_SearchFunctionality@6155d082]" started-at="2025-03-09T01:26:41 IST" name="setUp" finished-at="2025-03-09T01:26:49 IST" duration-ms="7324" status="PASS">
          <params>
            <param index="0">
              <value>
                <![CDATA[Windows]]>
              </value>
            </param>
            <param index="1">
              <value>
                <![CDATA[chrome]]>
              </value>
            </param>
          </params>
          <reporter-output>
          </reporter-output>
        </test-method> <!-- setUp -->
        <test-method signature="searchItem()[pri:1, instance:com.vish.testCases.TC006_SearchFunctionality@6155d082]" started-at="2025-03-09T01:26:49 IST" name="searchItem" finished-at="2025-03-09T01:26:52 IST" duration-ms="2989" status="PASS">
          <reporter-output>
          </reporter-output>
        </test-method> <!-- searchItem -->
        <test-method signature="invalidSearchItem()[pri:2, instance:com.vish.testCases.TC006_SearchFunctionality@6155d082]" started-at="2025-03-09T01:26:52 IST" name="invalidSearchItem" finished-at="2025-03-09T01:26:53 IST" duration-ms="1081" status="PASS">
          <reporter-output>
          </reporter-output>
        </test-method> <!-- invalidSearchItem -->
        <test-method is-config="true" signature="tearDown()[pri:0, instance:com.vish.testCases.TC006_SearchFunctionality@6155d082]" started-at="2025-03-09T01:26:53 IST" name="tearDown" finished-at="2025-03-09T01:26:53 IST" duration-ms="210" status="PASS">
          <reporter-output>
          </reporter-output>
        </test-method> <!-- tearDown -->
      </class> <!-- com.vish.testCases.TC006_SearchFunctionality -->
      <class name="com.vish.testCases.TC001_AccountRegistrationTest">
        <test-method is-config="true" signature="setUp(java.lang.String,java.lang.String)[pri:0, instance:com.vish.testCases.TC001_AccountRegistrationTest@4ce1d6d0]" started-at="2025-03-09T01:25:48 IST" name="setUp" finished-at="2025-03-09T01:25:57 IST" duration-ms="8882" status="PASS">
          <params>
            <param index="0">
              <value>
                <![CDATA[Windows]]>
              </value>
            </param>
            <param index="1">
              <value>
                <![CDATA[chrome]]>
              </value>
            </param>
          </params>
          <reporter-output>
          </reporter-output>
        </test-method> <!-- setUp -->
        <test-method signature="verify_acccount_registration()[pri:0, instance:com.vish.testCases.TC001_AccountRegistrationTest@4ce1d6d0]" started-at="2025-03-09T01:25:57 IST" name="verify_acccount_registration" finished-at="2025-03-09T01:25:59 IST" duration-ms="2378" status="PASS">
          <reporter-output>
          </reporter-output>
        </test-method> <!-- verify_acccount_registration -->
        <test-method is-config="true" signature="tearDown()[pri:0, instance:com.vish.testCases.TC001_AccountRegistrationTest@4ce1d6d0]" started-at="2025-03-09T01:25:59 IST" name="tearDown" finished-at="2025-03-09T01:26:01 IST" duration-ms="2040" status="PASS">
          <reporter-output>
          </reporter-output>
        </test-method> <!-- tearDown -->
      </class> <!-- com.vish.testCases.TC001_AccountRegistrationTest -->
      <class name="com.vish.testCases.TC002_LoginTest">
        <test-method is-config="true" signature="setUp(java.lang.String,java.lang.String)[pri:0, instance:com.vish.testCases.TC002_LoginTest@16ce702d]" started-at="2025-03-09T01:26:01 IST" name="setUp" finished-at="2025-03-09T01:26:09 IST" duration-ms="7906" status="PASS">
          <params>
            <param index="0">
              <value>
                <![CDATA[Windows]]>
              </value>
            </param>
            <param index="1">
              <value>
                <![CDATA[chrome]]>
              </value>
            </param>
          </params>
          <reporter-output>
          </reporter-output>
        </test-method> <!-- setUp -->
        <test-method signature="verifyLogin()[pri:0, instance:com.vish.testCases.TC002_LoginTest@16ce702d]" started-at="2025-03-09T01:26:09 IST" name="verifyLogin" finished-at="2025-03-09T01:26:11 IST" duration-ms="2011" status="PASS">
          <reporter-output>
          </reporter-output>
        </test-method> <!-- verifyLogin -->
        <test-method is-config="true" signature="tearDown()[pri:0, instance:com.vish.testCases.TC002_LoginTest@16ce702d]" started-at="2025-03-09T01:26:11 IST" name="tearDown" finished-at="2025-03-09T01:26:12 IST" duration-ms="275" status="PASS">
          <reporter-output>
          </reporter-output>
        </test-method> <!-- tearDown -->
      </class> <!-- com.vish.testCases.TC002_LoginTest -->
    </test> <!-- chrome_Test -->
  </suite> <!-- Suite -->
</testng-results>
